2021-12-29 12:59:49.118 | ERROR    | fire.core:_CallAndUpdateTrace:681 - An error has been caught in function '_CallAndUpdateTrace', process 'MainProcess' (2092), thread 'MainThread' (139750478002480):
Traceback (most recent call last):

  File "main.py", line 370, in <module>
    Fire(Scaffold)
    │    └ <class '__main__.Scaffold'>
    └ <function Fire at 0x7f1a2ef86a60>

  File "/opt/hostedtoolcache/Python/3.8.12/x64/lib/python3.8/site-packages/fire/core.py", line 141, in Fire
    component_trace = _Fire(component, args, parsed_flag_args, context, name)
                      │     │          │     │                 │        └ 'main.py'
                      │     │          │     │                 └ {}
                      │     │          │     └ Namespace(completion=None, help=False, interactive=False, separator='-', trace=False, verbose=False)
                      │     │          └ ['run', '--env=production', '--power=16']
                      │     └ <class '__main__.Scaffold'>
                      └ <function _Fire at 0x7f1a2eb30dc0>
  File "/opt/hostedtoolcache/Python/3.8.12/x64/lib/python3.8/site-packages/fire/core.py", line 466, in _Fire
    component, remaining_args = _CallAndUpdateTrace(
    │                           └ <function _CallAndUpdateTrace at 0x7f1a2eb30ee0>
    └ <function Scaffold.run at 0x7f1a2ea49430>
> File "/opt/hostedtoolcache/Python/3.8.12/x64/lib/python3.8/site-packages/fire/core.py", line 681, in _CallAndUpdateTrace
    component = fn(*varargs, **kwargs)
                │   │          └ {}
                │   └ ['production', 16]
                └ <function Scaffold.run at 0x7f1a2ea49430>

  File "main.py", line 348, in run
    context = ToolBox.get_yaml_data()
              │       └ <staticmethod object at 0x7f1a2fb9ac40>
              └ <class '__main__.ToolBox'>

  File "main.py", line 49, in get_yaml_data
    data = yaml.load(f, Loader=yaml.SafeLoader)
           │    │    │         │    └ <class 'yaml.loader.SafeLoader'>
           │    │    │         └ <module 'yaml' from '/opt/hostedtoolcache/Python/3.8.12/x64/lib/python3.8/site-packages/yaml/__init__.py'>
           │    │    └ <_io.TextIOWrapper name='/home/runner/work/arxiv-daily/arxiv-daily/database/topic.yml' mode='r' encoding='utf8'>
           │    └ <function load at 0x7f1a2ef845e0>
           └ <module 'yaml' from '/opt/hostedtoolcache/Python/3.8.12/x64/lib/python3.8/site-packages/yaml/__init__.py'>

  File "/opt/hostedtoolcache/Python/3.8.12/x64/lib/python3.8/site-packages/yaml/__init__.py", line 81, in load
    return loader.get_single_data()
           │      └ <function BaseConstructor.get_single_data at 0x7f1a2efcaee0>
           └ <yaml.loader.SafeLoader object at 0x7f1a2ea47580>
  File "/opt/hostedtoolcache/Python/3.8.12/x64/lib/python3.8/site-packages/yaml/constructor.py", line 49, in get_single_data
    node = self.get_single_node()
           │    └ <function Composer.get_single_node at 0x7f1a2efca5e0>
           └ <yaml.loader.SafeLoader object at 0x7f1a2ea47580>
  File "/opt/hostedtoolcache/Python/3.8.12/x64/lib/python3.8/site-packages/yaml/composer.py", line 36, in get_single_node
    document = self.compose_document()
               │    └ <function Composer.compose_document at 0x7f1a2efca670>
               └ <yaml.loader.SafeLoader object at 0x7f1a2ea47580>
  File "/opt/hostedtoolcache/Python/3.8.12/x64/lib/python3.8/site-packages/yaml/composer.py", line 55, in compose_document
    node = self.compose_node(None, None)
           │    └ <function Composer.compose_node at 0x7f1a2efca700>
           └ <yaml.loader.SafeLoader object at 0x7f1a2ea47580>
  File "/opt/hostedtoolcache/Python/3.8.12/x64/lib/python3.8/site-packages/yaml/composer.py", line 84, in compose_node
    node = self.compose_mapping_node(anchor)
           │    │                    └ None
           │    └ <function Composer.compose_mapping_node at 0x7f1a2efca8b0>
           └ <yaml.loader.SafeLoader object at 0x7f1a2ea47580>
  File "/opt/hostedtoolcache/Python/3.8.12/x64/lib/python3.8/site-packages/yaml/composer.py", line 127, in compose_mapping_node
    while not self.check_event(MappingEndEvent):
              │    │           └ <class 'yaml.events.MappingEndEvent'>
              │    └ <function Parser.check_event at 0x7f1a2efc9160>
              └ <yaml.loader.SafeLoader object at 0x7f1a2ea47580>
  File "/opt/hostedtoolcache/Python/3.8.12/x64/lib/python3.8/site-packages/yaml/parser.py", line 98, in check_event
    self.current_event = self.state()
    │    │               │    └ None
    │    │               └ <yaml.loader.SafeLoader object at 0x7f1a2ea47580>
    │    └ None
    └ <yaml.loader.SafeLoader object at 0x7f1a2ea47580>
  File "/opt/hostedtoolcache/Python/3.8.12/x64/lib/python3.8/site-packages/yaml/parser.py", line 438, in parse_block_mapping_key
    raise ParserError("while parsing a block mapping", self.marks[-1],
          │                                            │    └ [<yaml.error.Mark object at 0x7f1a2ea47fd0>]
          │                                            └ <yaml.loader.SafeLoader object at 0x7f1a2ea47580>
          └ <class 'yaml.parser.ParserError'>

yaml.parser.ParserError: while parsing a block mapping
  in "/home/runner/work/arxiv-daily/arxiv-daily/database/topic.yml", line 1, column 1
expected <block end>, but found '<block mapping start>'
  in "/home/runner/work/arxiv-daily/arxiv-daily/database/topic.yml", line 5, column 3
2021-12-29 13:06:36.905 | ERROR    | fire.core:_CallAndUpdateTrace:681 - An error has been caught in function '_CallAndUpdateTrace', process 'MainProcess' (1951), thread 'MainThread' (140441749584176):
Traceback (most recent call last):

  File "main.py", line 370, in <module>
    Fire(Scaffold)
    │    └ <class '__main__.Scaffold'>
    └ <function Fire at 0x7fbb21f7ba60>

  File "/opt/hostedtoolcache/Python/3.8.12/x64/lib/python3.8/site-packages/fire/core.py", line 141, in Fire
    component_trace = _Fire(component, args, parsed_flag_args, context, name)
                      │     │          │     │                 │        └ 'main.py'
                      │     │          │     │                 └ {}
                      │     │          │     └ Namespace(completion=None, help=False, interactive=False, separator='-', trace=False, verbose=False)
                      │     │          └ ['run', '--env=production', '--power=16']
                      │     └ <class '__main__.Scaffold'>
                      └ <function _Fire at 0x7fbb21b25dc0>
  File "/opt/hostedtoolcache/Python/3.8.12/x64/lib/python3.8/site-packages/fire/core.py", line 466, in _Fire
    component, remaining_args = _CallAndUpdateTrace(
    │                           └ <function _CallAndUpdateTrace at 0x7fbb21b25ee0>
    └ <function Scaffold.run at 0x7fbb21a3e430>
> File "/opt/hostedtoolcache/Python/3.8.12/x64/lib/python3.8/site-packages/fire/core.py", line 681, in _CallAndUpdateTrace
    component = fn(*varargs, **kwargs)
                │   │          └ {}
                │   └ ['production', 16]
                └ <function Scaffold.run at 0x7fbb21a3e430>

  File "main.py", line 348, in run
    context = ToolBox.get_yaml_data()
              │       └ <staticmethod object at 0x7fbb22b8db20>
              └ <class '__main__.ToolBox'>

  File "main.py", line 49, in get_yaml_data
    data = yaml.load(f, Loader=yaml.SafeLoader)
           │    │    │         │    └ <class 'yaml.loader.SafeLoader'>
           │    │    │         └ <module 'yaml' from '/opt/hostedtoolcache/Python/3.8.12/x64/lib/python3.8/site-packages/yaml/__init__.py'>
           │    │    └ <_io.TextIOWrapper name='/home/runner/work/arxiv-daily/arxiv-daily/database/topic.yml' mode='r' encoding='utf8'>
           │    └ <function load at 0x7fbb21f795e0>
           └ <module 'yaml' from '/opt/hostedtoolcache/Python/3.8.12/x64/lib/python3.8/site-packages/yaml/__init__.py'>

  File "/opt/hostedtoolcache/Python/3.8.12/x64/lib/python3.8/site-packages/yaml/__init__.py", line 81, in load
    return loader.get_single_data()
           │      └ <function BaseConstructor.get_single_data at 0x7fbb21fbfee0>
           └ <yaml.loader.SafeLoader object at 0x7fbb21a3cbe0>
  File "/opt/hostedtoolcache/Python/3.8.12/x64/lib/python3.8/site-packages/yaml/constructor.py", line 49, in get_single_data
    node = self.get_single_node()
           │    └ <function Composer.get_single_node at 0x7fbb21fbf5e0>
           └ <yaml.loader.SafeLoader object at 0x7fbb21a3cbe0>
  File "/opt/hostedtoolcache/Python/3.8.12/x64/lib/python3.8/site-packages/yaml/composer.py", line 36, in get_single_node
    document = self.compose_document()
               │    └ <function Composer.compose_document at 0x7fbb21fbf670>
               └ <yaml.loader.SafeLoader object at 0x7fbb21a3cbe0>
  File "/opt/hostedtoolcache/Python/3.8.12/x64/lib/python3.8/site-packages/yaml/composer.py", line 55, in compose_document
    node = self.compose_node(None, None)
           │    └ <function Composer.compose_node at 0x7fbb21fbf700>
           └ <yaml.loader.SafeLoader object at 0x7fbb21a3cbe0>
  File "/opt/hostedtoolcache/Python/3.8.12/x64/lib/python3.8/site-packages/yaml/composer.py", line 84, in compose_node
    node = self.compose_mapping_node(anchor)
           │    │                    └ None
           │    └ <function Composer.compose_mapping_node at 0x7fbb21fbf8b0>
           └ <yaml.loader.SafeLoader object at 0x7fbb21a3cbe0>
  File "/opt/hostedtoolcache/Python/3.8.12/x64/lib/python3.8/site-packages/yaml/composer.py", line 127, in compose_mapping_node
    while not self.check_event(MappingEndEvent):
              │    │           └ <class 'yaml.events.MappingEndEvent'>
              │    └ <function Parser.check_event at 0x7fbb21fbe160>
              └ <yaml.loader.SafeLoader object at 0x7fbb21a3cbe0>
  File "/opt/hostedtoolcache/Python/3.8.12/x64/lib/python3.8/site-packages/yaml/parser.py", line 98, in check_event
    self.current_event = self.state()
    │    │               │    └ None
    │    │               └ <yaml.loader.SafeLoader object at 0x7fbb21a3cbe0>
    │    └ None
    └ <yaml.loader.SafeLoader object at 0x7fbb21a3cbe0>
  File "/opt/hostedtoolcache/Python/3.8.12/x64/lib/python3.8/site-packages/yaml/parser.py", line 438, in parse_block_mapping_key
    raise ParserError("while parsing a block mapping", self.marks[-1],
          │                                            │    └ [<yaml.error.Mark object at 0x7fbb21a3cd60>]
          │                                            └ <yaml.loader.SafeLoader object at 0x7fbb21a3cbe0>
          └ <class 'yaml.parser.ParserError'>

yaml.parser.ParserError: while parsing a block mapping
  in "/home/runner/work/arxiv-daily/arxiv-daily/database/topic.yml", line 1, column 1
expected <block end>, but found '<block mapping start>'
  in "/home/runner/work/arxiv-daily/arxiv-daily/database/topic.yml", line 5, column 3
2021-12-29 13:12:02.956 | ERROR    | fire.core:_CallAndUpdateTrace:681 - An error has been caught in function '_CallAndUpdateTrace', process 'MainProcess' (2151), thread 'MainThread' (140484411164976):
Traceback (most recent call last):

  File "main.py", line 370, in <module>
    Fire(Scaffold)
    │    └ <class '__main__.Scaffold'>
    └ <function Fire at 0x7fc510cbea60>

  File "/opt/hostedtoolcache/Python/3.8.12/x64/lib/python3.8/site-packages/fire/core.py", line 141, in Fire
    component_trace = _Fire(component, args, parsed_flag_args, context, name)
                      │     │          │     │                 │        └ 'main.py'
                      │     │          │     │                 └ {}
                      │     │          │     └ Namespace(completion=None, help=False, interactive=False, separator='-', trace=False, verbose=False)
                      │     │          └ ['run', '--env=production', '--power=16']
                      │     └ <class '__main__.Scaffold'>
                      └ <function _Fire at 0x7fc51086adc0>
  File "/opt/hostedtoolcache/Python/3.8.12/x64/lib/python3.8/site-packages/fire/core.py", line 466, in _Fire
    component, remaining_args = _CallAndUpdateTrace(
    │                           └ <function _CallAndUpdateTrace at 0x7fc51086aee0>
    └ <function Scaffold.run at 0x7fc51077f430>
> File "/opt/hostedtoolcache/Python/3.8.12/x64/lib/python3.8/site-packages/fire/core.py", line 681, in _CallAndUpdateTrace
    component = fn(*varargs, **kwargs)
                │   │          └ {}
                │   └ ['production', 16]
                └ <function Scaffold.run at 0x7fc51077f430>

  File "main.py", line 348, in run
    context = ToolBox.get_yaml_data()
              │       └ <staticmethod object at 0x7fc5118d2d00>
              └ <class '__main__.ToolBox'>

  File "main.py", line 49, in get_yaml_data
    data = yaml.load(f, Loader=yaml.SafeLoader)
           │    │    │         │    └ <class 'yaml.loader.SafeLoader'>
           │    │    │         └ <module 'yaml' from '/opt/hostedtoolcache/Python/3.8.12/x64/lib/python3.8/site-packages/yaml/__init__.py'>
           │    │    └ <_io.TextIOWrapper name='/home/runner/work/arxiv-daily/arxiv-daily/database/topic.yml' mode='r' encoding='utf8'>
           │    └ <function load at 0x7fc510cbc5e0>
           └ <module 'yaml' from '/opt/hostedtoolcache/Python/3.8.12/x64/lib/python3.8/site-packages/yaml/__init__.py'>

  File "/opt/hostedtoolcache/Python/3.8.12/x64/lib/python3.8/site-packages/yaml/__init__.py", line 81, in load
    return loader.get_single_data()
           │      └ <function BaseConstructor.get_single_data at 0x7fc510d01ee0>
           └ <yaml.loader.SafeLoader object at 0x7fc51077daf0>
  File "/opt/hostedtoolcache/Python/3.8.12/x64/lib/python3.8/site-packages/yaml/constructor.py", line 49, in get_single_data
    node = self.get_single_node()
           │    └ <function Composer.get_single_node at 0x7fc510d015e0>
           └ <yaml.loader.SafeLoader object at 0x7fc51077daf0>
  File "/opt/hostedtoolcache/Python/3.8.12/x64/lib/python3.8/site-packages/yaml/composer.py", line 36, in get_single_node
    document = self.compose_document()
               │    └ <function Composer.compose_document at 0x7fc510d01670>
               └ <yaml.loader.SafeLoader object at 0x7fc51077daf0>
  File "/opt/hostedtoolcache/Python/3.8.12/x64/lib/python3.8/site-packages/yaml/composer.py", line 55, in compose_document
    node = self.compose_node(None, None)
           │    └ <function Composer.compose_node at 0x7fc510d01700>
           └ <yaml.loader.SafeLoader object at 0x7fc51077daf0>
  File "/opt/hostedtoolcache/Python/3.8.12/x64/lib/python3.8/site-packages/yaml/composer.py", line 84, in compose_node
    node = self.compose_mapping_node(anchor)
           │    │                    └ None
           │    └ <function Composer.compose_mapping_node at 0x7fc510d018b0>
           └ <yaml.loader.SafeLoader object at 0x7fc51077daf0>
  File "/opt/hostedtoolcache/Python/3.8.12/x64/lib/python3.8/site-packages/yaml/composer.py", line 127, in compose_mapping_node
    while not self.check_event(MappingEndEvent):
              │    │           └ <class 'yaml.events.MappingEndEvent'>
              │    └ <function Parser.check_event at 0x7fc510d00160>
              └ <yaml.loader.SafeLoader object at 0x7fc51077daf0>
  File "/opt/hostedtoolcache/Python/3.8.12/x64/lib/python3.8/site-packages/yaml/parser.py", line 98, in check_event
    self.current_event = self.state()
    │    │               │    └ None
    │    │               └ <yaml.loader.SafeLoader object at 0x7fc51077daf0>
    │    └ None
    └ <yaml.loader.SafeLoader object at 0x7fc51077daf0>
  File "/opt/hostedtoolcache/Python/3.8.12/x64/lib/python3.8/site-packages/yaml/parser.py", line 438, in parse_block_mapping_key
    raise ParserError("while parsing a block mapping", self.marks[-1],
          │                                            │    └ [<yaml.error.Mark object at 0x7fc51077df70>]
          │                                            └ <yaml.loader.SafeLoader object at 0x7fc51077daf0>
          └ <class 'yaml.parser.ParserError'>

yaml.parser.ParserError: while parsing a block mapping
  in "/home/runner/work/arxiv-daily/arxiv-daily/database/topic.yml", line 1, column 1
expected <block end>, but found '<block mapping start>'
  in "/home/runner/work/arxiv-daily/arxiv-daily/database/topic.yml", line 5, column 3
2021-12-29 14:50:13.292 | ERROR    | fire.core:_CallAndUpdateTrace:681 - An error has been caught in function '_CallAndUpdateTrace', process 'MainProcess' (1922), thread 'MainThread' (140662242650416):
Traceback (most recent call last):

  File "main.py", line 370, in <module>
    Fire(Scaffold)
    │    └ <class '__main__.Scaffold'>
    └ <function Fire at 0x7fee7860fa60>

  File "/opt/hostedtoolcache/Python/3.8.12/x64/lib/python3.8/site-packages/fire/core.py", line 141, in Fire
    component_trace = _Fire(component, args, parsed_flag_args, context, name)
                      │     │          │     │                 │        └ 'main.py'
                      │     │          │     │                 └ {}
                      │     │          │     └ Namespace(completion=None, help=False, interactive=False, separator='-', trace=False, verbose=False)
                      │     │          └ ['run', '--env=production', '--power=16']
                      │     └ <class '__main__.Scaffold'>
                      └ <function _Fire at 0x7fee781badc0>
  File "/opt/hostedtoolcache/Python/3.8.12/x64/lib/python3.8/site-packages/fire/core.py", line 466, in _Fire
    component, remaining_args = _CallAndUpdateTrace(
    │                           └ <function _CallAndUpdateTrace at 0x7fee781baee0>
    └ <function Scaffold.run at 0x7fee780d1430>
> File "/opt/hostedtoolcache/Python/3.8.12/x64/lib/python3.8/site-packages/fire/core.py", line 681, in _CallAndUpdateTrace
    component = fn(*varargs, **kwargs)
                │   │          └ {}
                │   └ ['production', 16]
                └ <function Scaffold.run at 0x7fee780d1430>

  File "main.py", line 348, in run
    context = ToolBox.get_yaml_data()
              │       └ <staticmethod object at 0x7fee79b46a90>
              └ <class '__main__.ToolBox'>

  File "main.py", line 49, in get_yaml_data
    data = yaml.load(f, Loader=yaml.SafeLoader)
           │    │    │         │    └ <class 'yaml.loader.SafeLoader'>
           │    │    │         └ <module 'yaml' from '/opt/hostedtoolcache/Python/3.8.12/x64/lib/python3.8/site-packages/yaml/__init__.py'>
           │    │    └ <_io.TextIOWrapper name='/home/runner/work/arxiv-daily/arxiv-daily/database/topic.yml' mode='r' encoding='utf8'>
           │    └ <function load at 0x7fee7860d5e0>
           └ <module 'yaml' from '/opt/hostedtoolcache/Python/3.8.12/x64/lib/python3.8/site-packages/yaml/__init__.py'>

  File "/opt/hostedtoolcache/Python/3.8.12/x64/lib/python3.8/site-packages/yaml/__init__.py", line 81, in load
    return loader.get_single_data()
           │      └ <function BaseConstructor.get_single_data at 0x7fee78652ee0>
           └ <yaml.loader.SafeLoader object at 0x7fee780cfa90>
  File "/opt/hostedtoolcache/Python/3.8.12/x64/lib/python3.8/site-packages/yaml/constructor.py", line 49, in get_single_data
    node = self.get_single_node()
           │    └ <function Composer.get_single_node at 0x7fee786525e0>
           └ <yaml.loader.SafeLoader object at 0x7fee780cfa90>
  File "/opt/hostedtoolcache/Python/3.8.12/x64/lib/python3.8/site-packages/yaml/composer.py", line 36, in get_single_node
    document = self.compose_document()
               │    └ <function Composer.compose_document at 0x7fee78652670>
               └ <yaml.loader.SafeLoader object at 0x7fee780cfa90>
  File "/opt/hostedtoolcache/Python/3.8.12/x64/lib/python3.8/site-packages/yaml/composer.py", line 55, in compose_document
    node = self.compose_node(None, None)
           │    └ <function Composer.compose_node at 0x7fee78652700>
           └ <yaml.loader.SafeLoader object at 0x7fee780cfa90>
  File "/opt/hostedtoolcache/Python/3.8.12/x64/lib/python3.8/site-packages/yaml/composer.py", line 84, in compose_node
    node = self.compose_mapping_node(anchor)
           │    │                    └ None
           │    └ <function Composer.compose_mapping_node at 0x7fee786528b0>
           └ <yaml.loader.SafeLoader object at 0x7fee780cfa90>
  File "/opt/hostedtoolcache/Python/3.8.12/x64/lib/python3.8/site-packages/yaml/composer.py", line 127, in compose_mapping_node
    while not self.check_event(MappingEndEvent):
              │    │           └ <class 'yaml.events.MappingEndEvent'>
              │    └ <function Parser.check_event at 0x7fee78651160>
              └ <yaml.loader.SafeLoader object at 0x7fee780cfa90>
  File "/opt/hostedtoolcache/Python/3.8.12/x64/lib/python3.8/site-packages/yaml/parser.py", line 98, in check_event
    self.current_event = self.state()
    │    │               │    └ None
    │    │               └ <yaml.loader.SafeLoader object at 0x7fee780cfa90>
    │    └ None
    └ <yaml.loader.SafeLoader object at 0x7fee780cfa90>
  File "/opt/hostedtoolcache/Python/3.8.12/x64/lib/python3.8/site-packages/yaml/parser.py", line 438, in parse_block_mapping_key
    raise ParserError("while parsing a block mapping", self.marks[-1],
          │                                            │    └ [<yaml.error.Mark object at 0x7fee780cff10>]
          │                                            └ <yaml.loader.SafeLoader object at 0x7fee780cfa90>
          └ <class 'yaml.parser.ParserError'>

yaml.parser.ParserError: while parsing a block mapping
  in "/home/runner/work/arxiv-daily/arxiv-daily/database/topic.yml", line 1, column 1
expected <block end>, but found '<block mapping start>'
  in "/home/runner/work/arxiv-daily/arxiv-daily/database/topic.yml", line 5, column 3
2021-12-29 14:52:04.393 | ERROR    | fire.core:_CallAndUpdateTrace:681 - An error has been caught in function '_CallAndUpdateTrace', process 'MainProcess' (2093), thread 'MainThread' (140586310777136):
Traceback (most recent call last):

  File "main.py", line 370, in <module>
    Fire(Scaffold)
    │    └ <class '__main__.Scaffold'>
    └ <function Fire at 0x7fdcca7c7a60>

  File "/opt/hostedtoolcache/Python/3.8.12/x64/lib/python3.8/site-packages/fire/core.py", line 141, in Fire
    component_trace = _Fire(component, args, parsed_flag_args, context, name)
                      │     │          │     │                 │        └ 'main.py'
                      │     │          │     │                 └ {}
                      │     │          │     └ Namespace(completion=None, help=False, interactive=False, separator='-', trace=False, verbose=False)
                      │     │          └ ['run', '--env=production', '--power=16']
                      │     └ <class '__main__.Scaffold'>
                      └ <function _Fire at 0x7fdcca371dc0>
  File "/opt/hostedtoolcache/Python/3.8.12/x64/lib/python3.8/site-packages/fire/core.py", line 466, in _Fire
    component, remaining_args = _CallAndUpdateTrace(
    │                           └ <function _CallAndUpdateTrace at 0x7fdcca371ee0>
    └ <function Scaffold.run at 0x7fdcca28a430>
> File "/opt/hostedtoolcache/Python/3.8.12/x64/lib/python3.8/site-packages/fire/core.py", line 681, in _CallAndUpdateTrace
    component = fn(*varargs, **kwargs)
                │   │          └ {}
                │   └ ['production', 16]
                └ <function Scaffold.run at 0x7fdcca28a430>

  File "main.py", line 348, in run
    context = ToolBox.get_yaml_data()
              │       └ <staticmethod object at 0x7fdccbd50fd0>
              └ <class '__main__.ToolBox'>

  File "main.py", line 49, in get_yaml_data
    data = yaml.load(f, Loader=yaml.SafeLoader)
           │    │    │         │    └ <class 'yaml.loader.SafeLoader'>
           │    │    │         └ <module 'yaml' from '/opt/hostedtoolcache/Python/3.8.12/x64/lib/python3.8/site-packages/yaml/__init__.py'>
           │    │    └ <_io.TextIOWrapper name='/home/runner/work/arxiv-daily/arxiv-daily/database/topic.yml' mode='r' encoding='utf8'>
           │    └ <function load at 0x7fdcca7c55e0>
           └ <module 'yaml' from '/opt/hostedtoolcache/Python/3.8.12/x64/lib/python3.8/site-packages/yaml/__init__.py'>

  File "/opt/hostedtoolcache/Python/3.8.12/x64/lib/python3.8/site-packages/yaml/__init__.py", line 81, in load
    return loader.get_single_data()
           │      └ <function BaseConstructor.get_single_data at 0x7fdcca80bee0>
           └ <yaml.loader.SafeLoader object at 0x7fdcca288af0>
  File "/opt/hostedtoolcache/Python/3.8.12/x64/lib/python3.8/site-packages/yaml/constructor.py", line 49, in get_single_data
    node = self.get_single_node()
           │    └ <function Composer.get_single_node at 0x7fdcca80b5e0>
           └ <yaml.loader.SafeLoader object at 0x7fdcca288af0>
  File "/opt/hostedtoolcache/Python/3.8.12/x64/lib/python3.8/site-packages/yaml/composer.py", line 36, in get_single_node
    document = self.compose_document()
               │    └ <function Composer.compose_document at 0x7fdcca80b670>
               └ <yaml.loader.SafeLoader object at 0x7fdcca288af0>
  File "/opt/hostedtoolcache/Python/3.8.12/x64/lib/python3.8/site-packages/yaml/composer.py", line 55, in compose_document
    node = self.compose_node(None, None)
           │    └ <function Composer.compose_node at 0x7fdcca80b700>
           └ <yaml.loader.SafeLoader object at 0x7fdcca288af0>
  File "/opt/hostedtoolcache/Python/3.8.12/x64/lib/python3.8/site-packages/yaml/composer.py", line 84, in compose_node
    node = self.compose_mapping_node(anchor)
           │    │                    └ None
           │    └ <function Composer.compose_mapping_node at 0x7fdcca80b8b0>
           └ <yaml.loader.SafeLoader object at 0x7fdcca288af0>
  File "/opt/hostedtoolcache/Python/3.8.12/x64/lib/python3.8/site-packages/yaml/composer.py", line 127, in compose_mapping_node
    while not self.check_event(MappingEndEvent):
              │    │           └ <class 'yaml.events.MappingEndEvent'>
              │    └ <function Parser.check_event at 0x7fdcca80a160>
              └ <yaml.loader.SafeLoader object at 0x7fdcca288af0>
  File "/opt/hostedtoolcache/Python/3.8.12/x64/lib/python3.8/site-packages/yaml/parser.py", line 98, in check_event
    self.current_event = self.state()
    │    │               │    └ None
    │    │               └ <yaml.loader.SafeLoader object at 0x7fdcca288af0>
    │    └ None
    └ <yaml.loader.SafeLoader object at 0x7fdcca288af0>
  File "/opt/hostedtoolcache/Python/3.8.12/x64/lib/python3.8/site-packages/yaml/parser.py", line 438, in parse_block_mapping_key
    raise ParserError("while parsing a block mapping", self.marks[-1],
          │                                            │    └ [<yaml.error.Mark object at 0x7fdcca288f40>]
          │                                            └ <yaml.loader.SafeLoader object at 0x7fdcca288af0>
          └ <class 'yaml.parser.ParserError'>

yaml.parser.ParserError: while parsing a block mapping
  in "/home/runner/work/arxiv-daily/arxiv-daily/database/topic.yml", line 1, column 1
expected <block end>, but found '<block mapping start>'
  in "/home/runner/work/arxiv-daily/arxiv-daily/database/topic.yml", line 5, column 3
2023-12-09 09:45:12.506 | ERROR    | __main__:handle_html:66 - Expecting value: line 1 column 1 (char 0)
2023-12-09 10:01:45.384 | ERROR    | __main__:handle_html:66 - Expecting value: line 1 column 1 (char 0)
2025-02-07 08:13:11.531 | ERROR    | __main__:handle_html:70 - Expecting value: line 1 column 1 (char 0)
2025-05-06 20:19:03.675 | ERROR    | __main__:handle_html:70 - Expecting value: line 1 column 1 (char 0)
2025-07-07 21:17:50.278 | ERROR    | __main__:handle_html:70 - Expecting value: line 1 column 1 (char 0)
2025-07-25 08:16:10.205 | ERROR    | __main__:handle_html:70 - Expecting value: line 3 column 1 (char 2)
2025-07-25 08:16:10.813 | ERROR    | __main__:handle_html:70 - Expecting value: line 3 column 1 (char 2)
2025-07-25 08:16:10.816 | ERROR    | __main__:handle_html:70 - Expecting value: line 3 column 1 (char 2)
2025-07-25 08:16:10.817 | ERROR    | __main__:handle_html:70 - Expecting value: line 3 column 1 (char 2)
2025-07-25 08:16:10.819 | ERROR    | __main__:handle_html:70 - Expecting value: line 3 column 1 (char 2)
2025-07-25 08:16:10.822 | ERROR    | __main__:handle_html:70 - Expecting value: line 3 column 1 (char 2)
2025-07-25 08:42:37.660 | ERROR    | __main__:handle_html:70 - Expecting value: line 3 column 1 (char 2)
2025-07-25 08:42:37.663 | ERROR    | __main__:handle_html:70 - Expecting value: line 3 column 1 (char 2)
2025-07-25 08:42:37.666 | ERROR    | __main__:handle_html:70 - Expecting value: line 3 column 1 (char 2)
2025-07-25 08:42:37.668 | ERROR    | __main__:handle_html:70 - Expecting value: line 3 column 1 (char 2)
2025-07-25 08:42:37.670 | ERROR    | __main__:handle_html:70 - Expecting value: line 3 column 1 (char 2)
2025-07-25 08:42:37.673 | ERROR    | __main__:handle_html:70 - Expecting value: line 3 column 1 (char 2)
2025-07-25 09:12:25.935 | ERROR    | __main__:handle_html:70 - Expecting value: line 3 column 1 (char 2)
2025-07-25 09:12:25.938 | ERROR    | __main__:handle_html:70 - Expecting value: line 3 column 1 (char 2)
2025-07-25 09:12:25.940 | ERROR    | __main__:handle_html:70 - Expecting value: line 3 column 1 (char 2)
2025-07-25 09:12:25.978 | ERROR    | __main__:handle_html:70 - Expecting value: line 3 column 1 (char 2)
2025-07-25 09:12:26.172 | ERROR    | __main__:handle_html:70 - Expecting value: line 3 column 1 (char 2)
2025-07-25 09:12:26.173 | ERROR    | __main__:handle_html:70 - Expecting value: line 3 column 1 (char 2)
2025-07-25 20:06:18.910 | ERROR    | __main__:handle_html:70 - Expecting value: line 3 column 1 (char 2)
2025-07-25 20:06:18.911 | ERROR    | __main__:handle_html:70 - Expecting value: line 3 column 1 (char 2)
2025-07-25 20:06:18.912 | ERROR    | __main__:handle_html:70 - Expecting value: line 3 column 1 (char 2)
2025-07-25 20:06:18.912 | ERROR    | __main__:handle_html:70 - Expecting value: line 3 column 1 (char 2)
2025-07-25 20:06:18.913 | ERROR    | __main__:handle_html:70 - Expecting value: line 3 column 1 (char 2)
2025-07-25 20:06:18.915 | ERROR    | __main__:handle_html:70 - Expecting value: line 3 column 1 (char 2)
2025-07-25 20:18:49.877 | ERROR    | __main__:handle_html:70 - Expecting value: line 3 column 1 (char 2)
2025-07-25 20:18:49.879 | ERROR    | __main__:handle_html:70 - Expecting value: line 3 column 1 (char 2)
2025-07-25 20:18:49.881 | ERROR    | __main__:handle_html:70 - Expecting value: line 3 column 1 (char 2)
2025-07-25 20:18:49.883 | ERROR    | __main__:handle_html:70 - Expecting value: line 3 column 1 (char 2)
2025-07-25 20:18:49.884 | ERROR    | __main__:handle_html:70 - Expecting value: line 3 column 1 (char 2)
2025-07-25 20:18:49.886 | ERROR    | __main__:handle_html:70 - Expecting value: line 3 column 1 (char 2)
2025-07-25 20:36:05.944 | ERROR    | __main__:handle_html:70 - Expecting value: line 3 column 1 (char 2)
2025-07-25 20:36:05.945 | ERROR    | __main__:handle_html:70 - Expecting value: line 3 column 1 (char 2)
2025-07-25 20:36:05.945 | ERROR    | __main__:handle_html:70 - Expecting value: line 3 column 1 (char 2)
2025-07-25 20:36:05.949 | ERROR    | __main__:handle_html:70 - Expecting value: line 3 column 1 (char 2)
2025-07-25 20:36:05.949 | ERROR    | __main__:handle_html:70 - Expecting value: line 3 column 1 (char 2)
2025-07-25 20:36:05.950 | ERROR    | __main__:handle_html:70 - Expecting value: line 3 column 1 (char 2)
2025-07-25 20:59:32.740 | ERROR    | __main__:handle_html:70 - Expecting value: line 3 column 1 (char 2)
2025-07-25 20:59:32.745 | ERROR    | __main__:handle_html:70 - Expecting value: line 3 column 1 (char 2)
2025-07-25 20:59:32.748 | ERROR    | __main__:handle_html:70 - Expecting value: line 3 column 1 (char 2)
2025-07-25 20:59:32.749 | ERROR    | __main__:handle_html:70 - Expecting value: line 3 column 1 (char 2)
2025-07-25 20:59:32.749 | ERROR    | __main__:handle_html:70 - Expecting value: line 3 column 1 (char 2)
2025-07-25 20:59:32.750 | ERROR    | __main__:handle_html:70 - Expecting value: line 3 column 1 (char 2)
2025-07-25 21:19:54.137 | ERROR    | __main__:handle_html:70 - Expecting value: line 3 column 1 (char 2)
2025-07-25 21:19:54.141 | ERROR    | __main__:handle_html:70 - Expecting value: line 3 column 1 (char 2)
2025-07-25 21:19:54.175 | ERROR    | __main__:handle_html:70 - Expecting value: line 3 column 1 (char 2)
2025-07-25 21:19:54.178 | ERROR    | __main__:handle_html:70 - Expecting value: line 3 column 1 (char 2)
2025-07-25 21:19:54.179 | ERROR    | __main__:handle_html:70 - Expecting value: line 3 column 1 (char 2)
2025-07-25 21:19:54.191 | ERROR    | __main__:handle_html:70 - Expecting value: line 3 column 1 (char 2)
2025-07-26 08:15:31.218 | ERROR    | __main__:handle_html:70 - Expecting value: line 3 column 1 (char 2)
2025-07-26 08:15:31.231 | ERROR    | __main__:handle_html:70 - Expecting value: line 3 column 1 (char 2)
2025-07-26 08:15:31.235 | ERROR    | __main__:handle_html:70 - Expecting value: line 3 column 1 (char 2)
2025-07-26 08:15:31.248 | ERROR    | __main__:handle_html:70 - Expecting value: line 3 column 1 (char 2)
2025-07-26 08:15:31.249 | ERROR    | __main__:handle_html:70 - Expecting value: line 3 column 1 (char 2)
2025-07-26 08:15:31.251 | ERROR    | __main__:handle_html:70 - Expecting value: line 3 column 1 (char 2)
2025-07-26 08:40:49.507 | ERROR    | __main__:handle_html:70 - Expecting value: line 3 column 1 (char 2)
2025-07-26 08:40:49.510 | ERROR    | __main__:handle_html:70 - Expecting value: line 3 column 1 (char 2)
2025-07-26 08:40:49.511 | ERROR    | __main__:handle_html:70 - Expecting value: line 3 column 1 (char 2)
2025-07-26 08:40:49.511 | ERROR    | __main__:handle_html:70 - Expecting value: line 3 column 1 (char 2)
2025-07-26 08:40:49.512 | ERROR    | __main__:handle_html:70 - Expecting value: line 3 column 1 (char 2)
2025-07-26 08:40:49.513 | ERROR    | __main__:handle_html:70 - Expecting value: line 3 column 1 (char 2)
2025-07-26 09:09:41.741 | ERROR    | __main__:handle_html:70 - Expecting value: line 3 column 1 (char 2)
2025-07-26 09:09:41.742 | ERROR    | __main__:handle_html:70 - Expecting value: line 3 column 1 (char 2)
2025-07-26 09:09:41.745 | ERROR    | __main__:handle_html:70 - Expecting value: line 3 column 1 (char 2)
2025-07-26 09:09:41.746 | ERROR    | __main__:handle_html:70 - Expecting value: line 3 column 1 (char 2)
2025-07-26 09:09:41.746 | ERROR    | __main__:handle_html:70 - Expecting value: line 3 column 1 (char 2)
2025-07-26 09:09:41.747 | ERROR    | __main__:handle_html:70 - Expecting value: line 3 column 1 (char 2)
2025-07-26 20:05:49.496 | ERROR    | __main__:handle_html:70 - Expecting value: line 3 column 1 (char 2)
2025-07-26 20:05:49.499 | ERROR    | __main__:handle_html:70 - Expecting value: line 3 column 1 (char 2)
2025-07-26 20:05:49.499 | ERROR    | __main__:handle_html:70 - Expecting value: line 3 column 1 (char 2)
2025-07-26 20:05:49.500 | ERROR    | __main__:handle_html:70 - Expecting value: line 3 column 1 (char 2)
2025-07-26 20:05:49.501 | ERROR    | __main__:handle_html:70 - Expecting value: line 3 column 1 (char 2)
2025-07-26 20:05:49.501 | ERROR    | __main__:handle_html:70 - Expecting value: line 3 column 1 (char 2)
2025-07-26 20:17:53.283 | ERROR    | __main__:handle_html:70 - Expecting value: line 3 column 1 (char 2)
2025-07-26 20:17:53.284 | ERROR    | __main__:handle_html:70 - Expecting value: line 3 column 1 (char 2)
2025-07-26 20:17:53.287 | ERROR    | __main__:handle_html:70 - Expecting value: line 3 column 1 (char 2)
2025-07-26 20:17:53.288 | ERROR    | __main__:handle_html:70 - Expecting value: line 3 column 1 (char 2)
2025-07-26 20:17:53.289 | ERROR    | __main__:handle_html:70 - Expecting value: line 3 column 1 (char 2)
2025-07-26 20:17:53.289 | ERROR    | __main__:handle_html:70 - Expecting value: line 3 column 1 (char 2)
2025-07-26 20:34:25.333 | ERROR    | __main__:handle_html:70 - Expecting value: line 3 column 1 (char 2)
2025-07-26 20:34:25.334 | ERROR    | __main__:handle_html:70 - Expecting value: line 3 column 1 (char 2)
2025-07-26 20:34:25.335 | ERROR    | __main__:handle_html:70 - Expecting value: line 3 column 1 (char 2)
2025-07-26 20:34:25.338 | ERROR    | __main__:handle_html:70 - Expecting value: line 3 column 1 (char 2)
2025-07-26 20:34:25.339 | ERROR    | __main__:handle_html:70 - Expecting value: line 3 column 1 (char 2)
2025-07-26 20:34:25.339 | ERROR    | __main__:handle_html:70 - Expecting value: line 3 column 1 (char 2)
2025-07-26 20:56:07.152 | ERROR    | __main__:handle_html:70 - Expecting value: line 3 column 1 (char 2)
2025-07-26 20:56:07.154 | ERROR    | __main__:handle_html:70 - Expecting value: line 3 column 1 (char 2)
2025-07-26 20:56:07.155 | ERROR    | __main__:handle_html:70 - Expecting value: line 3 column 1 (char 2)
2025-07-26 20:56:07.156 | ERROR    | __main__:handle_html:70 - Expecting value: line 3 column 1 (char 2)
2025-07-26 20:56:07.158 | ERROR    | __main__:handle_html:70 - Expecting value: line 3 column 1 (char 2)
2025-07-26 20:56:07.180 | ERROR    | __main__:handle_html:70 - Expecting value: line 3 column 1 (char 2)
2025-07-26 21:12:31.822 | ERROR    | __main__:handle_html:70 - Expecting value: line 3 column 1 (char 2)
2025-07-26 21:12:31.823 | ERROR    | __main__:handle_html:70 - Expecting value: line 3 column 1 (char 2)
2025-07-26 21:12:32.000 | ERROR    | __main__:handle_html:70 - Expecting value: line 3 column 1 (char 2)
2025-07-26 21:12:32.012 | ERROR    | __main__:handle_html:70 - Expecting value: line 3 column 1 (char 2)
2025-07-26 21:12:32.015 | ERROR    | __main__:handle_html:70 - Expecting value: line 3 column 1 (char 2)
2025-07-26 21:12:32.043 | ERROR    | __main__:handle_html:70 - Expecting value: line 3 column 1 (char 2)
2025-07-27 08:17:56.605 | ERROR    | __main__:handle_html:70 - Expecting value: line 3 column 1 (char 2)
2025-07-27 08:17:56.615 | ERROR    | __main__:handle_html:70 - Expecting value: line 3 column 1 (char 2)
2025-07-27 08:17:56.617 | ERROR    | __main__:handle_html:70 - Expecting value: line 3 column 1 (char 2)
2025-07-27 08:17:56.619 | ERROR    | __main__:handle_html:70 - Expecting value: line 3 column 1 (char 2)
2025-07-27 08:17:56.625 | ERROR    | __main__:handle_html:70 - Expecting value: line 3 column 1 (char 2)
2025-07-27 08:17:56.642 | ERROR    | __main__:handle_html:70 - Expecting value: line 3 column 1 (char 2)
2025-07-27 08:47:33.852 | ERROR    | __main__:handle_html:70 - Expecting value: line 3 column 1 (char 2)
2025-07-27 08:47:33.857 | ERROR    | __main__:handle_html:70 - Expecting value: line 3 column 1 (char 2)
2025-07-27 08:47:33.857 | ERROR    | __main__:handle_html:70 - Expecting value: line 3 column 1 (char 2)
2025-07-27 08:47:33.858 | ERROR    | __main__:handle_html:70 - Expecting value: line 3 column 1 (char 2)
2025-07-27 08:47:33.859 | ERROR    | __main__:handle_html:70 - Expecting value: line 3 column 1 (char 2)
2025-07-27 08:47:33.860 | ERROR    | __main__:handle_html:70 - Expecting value: line 3 column 1 (char 2)
2025-07-27 09:19:39.006 | ERROR    | __main__:handle_html:70 - Expecting value: line 3 column 1 (char 2)
2025-07-27 09:19:39.013 | ERROR    | __main__:handle_html:70 - Expecting value: line 3 column 1 (char 2)
2025-07-27 09:19:39.014 | ERROR    | __main__:handle_html:70 - Expecting value: line 3 column 1 (char 2)
2025-07-27 09:19:39.017 | ERROR    | __main__:handle_html:70 - Expecting value: line 3 column 1 (char 2)
2025-07-27 09:19:39.017 | ERROR    | __main__:handle_html:70 - Expecting value: line 3 column 1 (char 2)
2025-07-27 09:19:39.018 | ERROR    | __main__:handle_html:70 - Expecting value: line 3 column 1 (char 2)
2025-07-27 20:06:08.782 | ERROR    | __main__:handle_html:70 - Expecting value: line 3 column 1 (char 2)
2025-07-27 20:06:08.785 | ERROR    | __main__:handle_html:70 - Expecting value: line 3 column 1 (char 2)
2025-07-27 20:06:08.785 | ERROR    | __main__:handle_html:70 - Expecting value: line 3 column 1 (char 2)
2025-07-27 20:06:08.786 | ERROR    | __main__:handle_html:70 - Expecting value: line 3 column 1 (char 2)
2025-07-27 20:06:08.787 | ERROR    | __main__:handle_html:70 - Expecting value: line 3 column 1 (char 2)
2025-07-27 20:06:08.787 | ERROR    | __main__:handle_html:70 - Expecting value: line 3 column 1 (char 2)
2025-07-27 20:18:38.144 | ERROR    | __main__:handle_html:70 - Expecting value: line 3 column 1 (char 2)
2025-07-27 20:18:38.147 | ERROR    | __main__:handle_html:70 - Expecting value: line 3 column 1 (char 2)
2025-07-27 20:18:38.148 | ERROR    | __main__:handle_html:70 - Expecting value: line 3 column 1 (char 2)
2025-07-27 20:18:38.149 | ERROR    | __main__:handle_html:70 - Expecting value: line 3 column 1 (char 2)
2025-07-27 20:18:38.150 | ERROR    | __main__:handle_html:70 - Expecting value: line 3 column 1 (char 2)
2025-07-27 20:18:38.150 | ERROR    | __main__:handle_html:70 - Expecting value: line 3 column 1 (char 2)
2025-07-27 20:35:31.970 | ERROR    | __main__:handle_html:70 - Expecting value: line 3 column 1 (char 2)
2025-07-27 20:35:31.972 | ERROR    | __main__:handle_html:70 - Expecting value: line 3 column 1 (char 2)
2025-07-27 20:35:31.973 | ERROR    | __main__:handle_html:70 - Expecting value: line 3 column 1 (char 2)
2025-07-27 20:35:31.975 | ERROR    | __main__:handle_html:70 - Expecting value: line 3 column 1 (char 2)
2025-07-27 20:35:31.977 | ERROR    | __main__:handle_html:70 - Expecting value: line 3 column 1 (char 2)
2025-07-27 20:35:31.980 | ERROR    | __main__:handle_html:70 - Expecting value: line 3 column 1 (char 2)
2025-07-27 20:57:19.048 | ERROR    | __main__:handle_html:70 - Expecting value: line 3 column 1 (char 2)
2025-07-27 20:57:19.052 | ERROR    | __main__:handle_html:70 - Expecting value: line 3 column 1 (char 2)
2025-07-27 20:57:19.053 | ERROR    | __main__:handle_html:70 - Expecting value: line 3 column 1 (char 2)
2025-07-27 20:57:19.054 | ERROR    | __main__:handle_html:70 - Expecting value: line 3 column 1 (char 2)
2025-07-27 20:57:19.054 | ERROR    | __main__:handle_html:70 - Expecting value: line 3 column 1 (char 2)
2025-07-27 20:57:19.055 | ERROR    | __main__:handle_html:70 - Expecting value: line 3 column 1 (char 2)
2025-07-27 21:15:02.140 | ERROR    | __main__:handle_html:70 - Expecting value: line 3 column 1 (char 2)
2025-07-27 21:15:02.141 | ERROR    | __main__:handle_html:70 - Expecting value: line 3 column 1 (char 2)
2025-07-27 21:15:02.536 | ERROR    | __main__:handle_html:70 - Expecting value: line 3 column 1 (char 2)
2025-07-27 21:15:02.549 | ERROR    | __main__:handle_html:70 - Expecting value: line 3 column 1 (char 2)
2025-07-27 21:15:02.568 | ERROR    | __main__:handle_html:70 - Expecting value: line 3 column 1 (char 2)
2025-07-27 21:15:02.569 | ERROR    | __main__:handle_html:70 - Expecting value: line 3 column 1 (char 2)
2025-07-28 08:17:16.779 | ERROR    | __main__:handle_html:70 - Expecting value: line 3 column 1 (char 2)
2025-07-28 08:17:16.780 | ERROR    | __main__:handle_html:70 - Expecting value: line 3 column 1 (char 2)
2025-07-28 08:17:16.783 | ERROR    | __main__:handle_html:70 - Expecting value: line 3 column 1 (char 2)
2025-07-28 08:17:16.783 | ERROR    | __main__:handle_html:70 - Expecting value: line 3 column 1 (char 2)
2025-07-28 08:17:16.784 | ERROR    | __main__:handle_html:70 - Expecting value: line 3 column 1 (char 2)
2025-07-28 08:17:16.785 | ERROR    | __main__:handle_html:70 - Expecting value: line 3 column 1 (char 2)
2025-07-28 08:46:20.356 | ERROR    | __main__:handle_html:70 - Expecting value: line 3 column 1 (char 2)
2025-07-28 08:46:20.359 | ERROR    | __main__:handle_html:70 - Expecting value: line 3 column 1 (char 2)
2025-07-28 08:46:20.360 | ERROR    | __main__:handle_html:70 - Expecting value: line 3 column 1 (char 2)
2025-07-28 08:46:20.361 | ERROR    | __main__:handle_html:70 - Expecting value: line 3 column 1 (char 2)
2025-07-28 08:46:20.361 | ERROR    | __main__:handle_html:70 - Expecting value: line 3 column 1 (char 2)
2025-07-28 08:46:20.363 | ERROR    | __main__:handle_html:70 - Expecting value: line 3 column 1 (char 2)
2025-07-28 09:17:49.725 | ERROR    | __main__:handle_html:70 - Expecting value: line 3 column 1 (char 2)
2025-07-28 09:17:49.726 | ERROR    | __main__:handle_html:70 - Expecting value: line 3 column 1 (char 2)
2025-07-28 09:17:49.829 | ERROR    | __main__:handle_html:70 - Expecting value: line 3 column 1 (char 2)
2025-07-28 09:17:49.835 | ERROR    | __main__:handle_html:70 - Expecting value: line 3 column 1 (char 2)
2025-07-28 09:17:49.837 | ERROR    | __main__:handle_html:70 - Expecting value: line 3 column 1 (char 2)
2025-07-28 09:17:49.839 | ERROR    | __main__:handle_html:70 - Expecting value: line 3 column 1 (char 2)
2025-07-28 20:06:22.865 | ERROR    | __main__:handle_html:70 - Expecting value: line 3 column 1 (char 2)
2025-07-28 20:06:23.036 | ERROR    | __main__:handle_html:70 - Expecting value: line 3 column 1 (char 2)
2025-07-28 20:06:23.038 | ERROR    | __main__:handle_html:70 - Expecting value: line 3 column 1 (char 2)
2025-07-28 20:06:23.039 | ERROR    | __main__:handle_html:70 - Expecting value: line 3 column 1 (char 2)
2025-07-28 20:06:23.045 | ERROR    | __main__:handle_html:70 - Expecting value: line 3 column 1 (char 2)
2025-07-28 20:06:23.055 | ERROR    | __main__:handle_html:70 - Expecting value: line 3 column 1 (char 2)
2025-07-28 20:19:05.366 | ERROR    | __main__:handle_html:70 - Expecting value: line 3 column 1 (char 2)
2025-07-28 20:19:05.371 | ERROR    | __main__:handle_html:70 - Expecting value: line 3 column 1 (char 2)
2025-07-28 20:19:05.372 | ERROR    | __main__:handle_html:70 - Expecting value: line 3 column 1 (char 2)
2025-07-28 20:19:05.372 | ERROR    | __main__:handle_html:70 - Expecting value: line 3 column 1 (char 2)
2025-07-28 20:19:05.373 | ERROR    | __main__:handle_html:70 - Expecting value: line 3 column 1 (char 2)
2025-07-28 20:19:05.373 | ERROR    | __main__:handle_html:70 - Expecting value: line 3 column 1 (char 2)
2025-07-28 20:36:31.460 | ERROR    | __main__:handle_html:70 - Expecting value: line 3 column 1 (char 2)
2025-07-28 20:36:31.461 | ERROR    | __main__:handle_html:70 - Expecting value: line 3 column 1 (char 2)
2025-07-28 20:36:31.462 | ERROR    | __main__:handle_html:70 - Expecting value: line 3 column 1 (char 2)
2025-07-28 20:36:31.466 | ERROR    | __main__:handle_html:70 - Expecting value: line 3 column 1 (char 2)
2025-07-28 20:36:31.467 | ERROR    | __main__:handle_html:70 - Expecting value: line 3 column 1 (char 2)
2025-07-28 20:36:31.468 | ERROR    | __main__:handle_html:70 - Expecting value: line 3 column 1 (char 2)
2025-07-28 21:00:36.203 | ERROR    | __main__:handle_html:70 - Expecting value: line 3 column 1 (char 2)
2025-07-28 21:00:36.204 | ERROR    | __main__:handle_html:70 - Expecting value: line 3 column 1 (char 2)
2025-07-28 21:00:36.204 | ERROR    | __main__:handle_html:70 - Expecting value: line 3 column 1 (char 2)
2025-07-28 21:00:36.205 | ERROR    | __main__:handle_html:70 - Expecting value: line 3 column 1 (char 2)
2025-07-28 21:00:36.207 | ERROR    | __main__:handle_html:70 - Expecting value: line 3 column 1 (char 2)
2025-07-28 21:00:36.208 | ERROR    | __main__:handle_html:70 - Expecting value: line 3 column 1 (char 2)
2025-07-29 08:17:35.640 | ERROR    | __main__:handle_html:70 - Expecting value: line 3 column 1 (char 2)
2025-07-29 08:17:36.279 | ERROR    | __main__:handle_html:70 - Expecting value: line 3 column 1 (char 2)
2025-07-29 08:17:36.357 | ERROR    | __main__:handle_html:70 - Expecting value: line 3 column 1 (char 2)
2025-07-29 08:17:36.367 | ERROR    | __main__:handle_html:70 - Expecting value: line 3 column 1 (char 2)
2025-07-29 08:17:36.509 | ERROR    | __main__:handle_html:70 - Expecting value: line 3 column 1 (char 2)
2025-07-29 08:17:36.591 | ERROR    | __main__:handle_html:70 - Expecting value: line 3 column 1 (char 2)
2025-07-29 08:47:16.777 | ERROR    | __main__:handle_html:70 - Expecting value: line 3 column 1 (char 2)
2025-07-29 08:47:16.780 | ERROR    | __main__:handle_html:70 - Expecting value: line 3 column 1 (char 2)
2025-07-29 08:47:16.790 | ERROR    | __main__:handle_html:70 - Expecting value: line 3 column 1 (char 2)
2025-07-29 08:47:16.795 | ERROR    | __main__:handle_html:70 - Expecting value: line 3 column 1 (char 2)
2025-07-29 08:47:16.797 | ERROR    | __main__:handle_html:70 - Expecting value: line 3 column 1 (char 2)
2025-07-29 08:47:16.799 | ERROR    | __main__:handle_html:70 - Expecting value: line 3 column 1 (char 2)
2025-07-29 09:19:22.872 | ERROR    | __main__:handle_html:70 - Expecting value: line 3 column 1 (char 2)
2025-07-29 09:19:22.875 | ERROR    | __main__:handle_html:70 - Expecting value: line 3 column 1 (char 2)
2025-07-29 09:19:22.876 | ERROR    | __main__:handle_html:70 - Expecting value: line 3 column 1 (char 2)
2025-07-29 09:19:22.877 | ERROR    | __main__:handle_html:70 - Expecting value: line 3 column 1 (char 2)
2025-07-29 09:19:22.877 | ERROR    | __main__:handle_html:70 - Expecting value: line 3 column 1 (char 2)
2025-07-29 09:19:22.878 | ERROR    | __main__:handle_html:70 - Expecting value: line 3 column 1 (char 2)
2025-07-29 20:06:48.821 | ERROR    | __main__:handle_html:70 - Expecting value: line 3 column 1 (char 2)
2025-07-29 20:06:48.824 | ERROR    | __main__:handle_html:70 - Expecting value: line 3 column 1 (char 2)
2025-07-29 20:06:48.825 | ERROR    | __main__:handle_html:70 - Expecting value: line 3 column 1 (char 2)
2025-07-29 20:06:48.826 | ERROR    | __main__:handle_html:70 - Expecting value: line 3 column 1 (char 2)
2025-07-29 20:06:48.827 | ERROR    | __main__:handle_html:70 - Expecting value: line 3 column 1 (char 2)
2025-07-29 20:06:48.827 | ERROR    | __main__:handle_html:70 - Expecting value: line 3 column 1 (char 2)
2025-07-29 20:19:33.802 | ERROR    | __main__:handle_html:70 - Expecting value: line 3 column 1 (char 2)
2025-07-29 20:19:33.806 | ERROR    | __main__:handle_html:70 - Expecting value: line 3 column 1 (char 2)
2025-07-29 20:19:33.807 | ERROR    | __main__:handle_html:70 - Expecting value: line 3 column 1 (char 2)
2025-07-29 20:19:33.808 | ERROR    | __main__:handle_html:70 - Expecting value: line 3 column 1 (char 2)
2025-07-29 20:19:33.808 | ERROR    | __main__:handle_html:70 - Expecting value: line 3 column 1 (char 2)
2025-07-29 20:19:33.809 | ERROR    | __main__:handle_html:70 - Expecting value: line 3 column 1 (char 2)
2025-07-29 20:37:18.776 | ERROR    | __main__:handle_html:70 - Expecting value: line 3 column 1 (char 2)
2025-07-29 20:37:18.781 | ERROR    | __main__:handle_html:70 - Expecting value: line 3 column 1 (char 2)
2025-07-29 20:37:18.781 | ERROR    | __main__:handle_html:70 - Expecting value: line 3 column 1 (char 2)
2025-07-29 20:37:18.782 | ERROR    | __main__:handle_html:70 - Expecting value: line 3 column 1 (char 2)
2025-07-29 20:37:18.783 | ERROR    | __main__:handle_html:70 - Expecting value: line 3 column 1 (char 2)
2025-07-29 20:37:18.783 | ERROR    | __main__:handle_html:70 - Expecting value: line 3 column 1 (char 2)
2025-07-29 21:01:50.668 | ERROR    | __main__:handle_html:70 - Expecting value: line 3 column 1 (char 2)
2025-07-29 21:01:50.670 | ERROR    | __main__:handle_html:70 - Expecting value: line 3 column 1 (char 2)
2025-07-29 21:01:50.670 | ERROR    | __main__:handle_html:70 - Expecting value: line 3 column 1 (char 2)
2025-07-29 21:01:50.671 | ERROR    | __main__:handle_html:70 - Expecting value: line 3 column 1 (char 2)
2025-07-29 21:01:50.673 | ERROR    | __main__:handle_html:70 - Expecting value: line 3 column 1 (char 2)
2025-07-29 21:01:50.673 | ERROR    | __main__:handle_html:70 - Expecting value: line 3 column 1 (char 2)
2025-07-30 08:16:39.935 | ERROR    | __main__:handle_html:70 - Expecting value: line 3 column 1 (char 2)
2025-07-30 08:16:39.940 | ERROR    | __main__:handle_html:70 - Expecting value: line 3 column 1 (char 2)
2025-07-30 08:16:39.943 | ERROR    | __main__:handle_html:70 - Expecting value: line 3 column 1 (char 2)
2025-07-30 08:16:39.943 | ERROR    | __main__:handle_html:70 - Expecting value: line 3 column 1 (char 2)
2025-07-30 08:16:39.944 | ERROR    | __main__:handle_html:70 - Expecting value: line 3 column 1 (char 2)
2025-07-30 08:16:39.945 | ERROR    | __main__:handle_html:70 - Expecting value: line 3 column 1 (char 2)
2025-07-30 08:43:31.504 | ERROR    | __main__:handle_html:70 - Expecting value: line 3 column 1 (char 2)
2025-07-30 08:43:31.510 | ERROR    | __main__:handle_html:70 - Expecting value: line 3 column 1 (char 2)
2025-07-30 08:43:31.544 | ERROR    | __main__:handle_html:70 - Expecting value: line 3 column 1 (char 2)
2025-07-30 08:43:31.549 | ERROR    | __main__:handle_html:70 - Expecting value: line 3 column 1 (char 2)
2025-07-30 08:43:31.551 | ERROR    | __main__:handle_html:70 - Expecting value: line 3 column 1 (char 2)
2025-07-30 08:43:31.553 | ERROR    | __main__:handle_html:70 - Expecting value: line 3 column 1 (char 2)
2025-07-30 09:13:24.562 | ERROR    | __main__:handle_html:70 - Expecting value: line 3 column 1 (char 2)
2025-07-30 09:13:24.563 | ERROR    | __main__:handle_html:70 - Expecting value: line 3 column 1 (char 2)
2025-07-30 09:13:24.564 | ERROR    | __main__:handle_html:70 - Expecting value: line 3 column 1 (char 2)
2025-07-30 09:13:24.567 | ERROR    | __main__:handle_html:70 - Expecting value: line 3 column 1 (char 2)
2025-07-30 09:13:24.568 | ERROR    | __main__:handle_html:70 - Expecting value: line 3 column 1 (char 2)
2025-07-30 09:13:24.568 | ERROR    | __main__:handle_html:70 - Expecting value: line 3 column 1 (char 2)
2025-07-30 20:06:19.214 | ERROR    | __main__:handle_html:70 - Expecting value: line 3 column 1 (char 2)
2025-07-30 20:06:19.602 | ERROR    | __main__:handle_html:70 - Expecting value: line 3 column 1 (char 2)
2025-07-30 20:06:19.603 | ERROR    | __main__:handle_html:70 - Expecting value: line 3 column 1 (char 2)
2025-07-30 20:06:19.604 | ERROR    | __main__:handle_html:70 - Expecting value: line 3 column 1 (char 2)
2025-07-30 20:06:19.607 | ERROR    | __main__:handle_html:70 - Expecting value: line 3 column 1 (char 2)
2025-07-30 20:06:19.608 | ERROR    | __main__:handle_html:70 - Expecting value: line 3 column 1 (char 2)
2025-07-30 20:19:09.819 | ERROR    | __main__:handle_html:70 - Expecting value: line 3 column 1 (char 2)
2025-07-30 20:19:09.822 | ERROR    | __main__:handle_html:70 - Expecting value: line 3 column 1 (char 2)
2025-07-30 20:19:09.823 | ERROR    | __main__:handle_html:70 - Expecting value: line 3 column 1 (char 2)
2025-07-30 20:19:09.823 | ERROR    | __main__:handle_html:70 - Expecting value: line 3 column 1 (char 2)
2025-07-30 20:19:09.824 | ERROR    | __main__:handle_html:70 - Expecting value: line 3 column 1 (char 2)
2025-07-30 20:19:09.825 | ERROR    | __main__:handle_html:70 - Expecting value: line 3 column 1 (char 2)
2025-07-30 20:36:40.142 | ERROR    | __main__:handle_html:70 - Expecting value: line 3 column 1 (char 2)
2025-07-30 20:36:40.146 | ERROR    | __main__:handle_html:70 - Expecting value: line 3 column 1 (char 2)
2025-07-30 20:36:40.147 | ERROR    | __main__:handle_html:70 - Expecting value: line 3 column 1 (char 2)
2025-07-30 20:36:40.148 | ERROR    | __main__:handle_html:70 - Expecting value: line 3 column 1 (char 2)
2025-07-30 20:36:40.149 | ERROR    | __main__:handle_html:70 - Expecting value: line 3 column 1 (char 2)
2025-07-30 20:36:40.149 | ERROR    | __main__:handle_html:70 - Expecting value: line 3 column 1 (char 2)
2025-07-30 21:00:44.106 | ERROR    | __main__:handle_html:70 - Expecting value: line 3 column 1 (char 2)
2025-07-30 21:00:44.109 | ERROR    | __main__:handle_html:70 - Expecting value: line 3 column 1 (char 2)
2025-07-30 21:00:44.110 | ERROR    | __main__:handle_html:70 - Expecting value: line 3 column 1 (char 2)
2025-07-30 21:00:44.110 | ERROR    | __main__:handle_html:70 - Expecting value: line 3 column 1 (char 2)
2025-07-30 21:00:44.111 | ERROR    | __main__:handle_html:70 - Expecting value: line 3 column 1 (char 2)
2025-07-30 21:00:44.113 | ERROR    | __main__:handle_html:70 - Expecting value: line 3 column 1 (char 2)
2025-07-31 08:15:56.806 | ERROR    | __main__:handle_html:70 - Expecting value: line 3 column 1 (char 2)
2025-07-31 08:15:57.732 | ERROR    | __main__:handle_html:70 - Expecting value: line 3 column 1 (char 2)
2025-07-31 08:15:57.734 | ERROR    | __main__:handle_html:70 - Expecting value: line 3 column 1 (char 2)
2025-07-31 08:15:57.736 | ERROR    | __main__:handle_html:70 - Expecting value: line 3 column 1 (char 2)
2025-07-31 08:15:57.738 | ERROR    | __main__:handle_html:70 - Expecting value: line 3 column 1 (char 2)
2025-07-31 08:15:58.483 | ERROR    | __main__:handle_html:70 - Expecting value: line 3 column 1 (char 2)
2025-07-31 08:43:35.993 | ERROR    | __main__:handle_html:70 - Expecting value: line 3 column 1 (char 2)
2025-07-31 08:43:35.996 | ERROR    | __main__:handle_html:70 - Expecting value: line 3 column 1 (char 2)
2025-07-31 08:43:35.997 | ERROR    | __main__:handle_html:70 - Expecting value: line 3 column 1 (char 2)
2025-07-31 08:43:35.998 | ERROR    | __main__:handle_html:70 - Expecting value: line 3 column 1 (char 2)
2025-07-31 08:43:35.999 | ERROR    | __main__:handle_html:70 - Expecting value: line 3 column 1 (char 2)
2025-07-31 08:43:35.999 | ERROR    | __main__:handle_html:70 - Expecting value: line 3 column 1 (char 2)
2025-07-31 09:13:20.110 | ERROR    | __main__:handle_html:70 - Expecting value: line 3 column 1 (char 2)
2025-07-31 09:13:20.111 | ERROR    | __main__:handle_html:70 - Expecting value: line 3 column 1 (char 2)
2025-07-31 09:13:20.112 | ERROR    | __main__:handle_html:70 - Expecting value: line 3 column 1 (char 2)
2025-07-31 09:13:20.115 | ERROR    | __main__:handle_html:70 - Expecting value: line 3 column 1 (char 2)
2025-07-31 09:13:20.115 | ERROR    | __main__:handle_html:70 - Expecting value: line 3 column 1 (char 2)
2025-07-31 09:13:20.116 | ERROR    | __main__:handle_html:70 - Expecting value: line 3 column 1 (char 2)
2025-07-31 20:06:14.174 | ERROR    | __main__:handle_html:70 - Expecting value: line 3 column 1 (char 2)
2025-07-31 20:06:14.346 | ERROR    | __main__:handle_html:70 - Expecting value: line 3 column 1 (char 2)
2025-07-31 20:06:14.348 | ERROR    | __main__:handle_html:70 - Expecting value: line 3 column 1 (char 2)
2025-07-31 20:06:14.350 | ERROR    | __main__:handle_html:70 - Expecting value: line 3 column 1 (char 2)
2025-07-31 20:06:14.352 | ERROR    | __main__:handle_html:70 - Expecting value: line 3 column 1 (char 2)
2025-07-31 20:06:14.354 | ERROR    | __main__:handle_html:70 - Expecting value: line 3 column 1 (char 2)
2025-07-31 20:18:59.111 | ERROR    | __main__:handle_html:70 - Expecting value: line 3 column 1 (char 2)
2025-07-31 20:18:59.116 | ERROR    | __main__:handle_html:70 - Expecting value: line 3 column 1 (char 2)
2025-07-31 20:18:59.118 | ERROR    | __main__:handle_html:70 - Expecting value: line 3 column 1 (char 2)
2025-07-31 20:18:59.118 | ERROR    | __main__:handle_html:70 - Expecting value: line 3 column 1 (char 2)
2025-07-31 20:18:59.120 | ERROR    | __main__:handle_html:70 - Expecting value: line 3 column 1 (char 2)
2025-07-31 20:18:59.128 | ERROR    | __main__:handle_html:70 - Expecting value: line 3 column 1 (char 2)
2025-07-31 20:35:59.015 | ERROR    | __main__:handle_html:70 - Expecting value: line 3 column 1 (char 2)
2025-07-31 20:35:59.018 | ERROR    | __main__:handle_html:70 - Expecting value: line 3 column 1 (char 2)
2025-07-31 20:35:59.018 | ERROR    | __main__:handle_html:70 - Expecting value: line 3 column 1 (char 2)
2025-07-31 20:35:59.019 | ERROR    | __main__:handle_html:70 - Expecting value: line 3 column 1 (char 2)
2025-07-31 20:35:59.025 | ERROR    | __main__:handle_html:70 - Expecting value: line 3 column 1 (char 2)
2025-07-31 20:35:59.026 | ERROR    | __main__:handle_html:70 - Expecting value: line 3 column 1 (char 2)
2025-07-31 20:59:49.792 | ERROR    | __main__:handle_html:70 - Expecting value: line 3 column 1 (char 2)
2025-07-31 20:59:49.793 | ERROR    | __main__:handle_html:70 - Expecting value: line 3 column 1 (char 2)
2025-07-31 20:59:49.794 | ERROR    | __main__:handle_html:70 - Expecting value: line 3 column 1 (char 2)
2025-07-31 20:59:49.797 | ERROR    | __main__:handle_html:70 - Expecting value: line 3 column 1 (char 2)
2025-07-31 20:59:49.798 | ERROR    | __main__:handle_html:70 - Expecting value: line 3 column 1 (char 2)
2025-07-31 20:59:49.798 | ERROR    | __main__:handle_html:70 - Expecting value: line 3 column 1 (char 2)
2025-08-01 08:18:22.673 | ERROR    | __main__:handle_html:70 - Expecting value: line 3 column 1 (char 2)
2025-08-01 08:18:23.203 | ERROR    | __main__:handle_html:70 - Expecting value: line 3 column 1 (char 2)
2025-08-01 08:18:23.212 | ERROR    | __main__:handle_html:70 - Expecting value: line 3 column 1 (char 2)
2025-08-01 08:18:23.221 | ERROR    | __main__:handle_html:70 - Expecting value: line 3 column 1 (char 2)
2025-08-01 08:18:23.226 | ERROR    | __main__:handle_html:70 - Expecting value: line 3 column 1 (char 2)
2025-08-01 08:18:23.272 | ERROR    | __main__:handle_html:70 - Expecting value: line 3 column 1 (char 2)
2025-08-01 08:49:03.158 | ERROR    | __main__:handle_html:70 - Expecting value: line 3 column 1 (char 2)
2025-08-01 08:49:03.159 | ERROR    | __main__:handle_html:70 - Expecting value: line 3 column 1 (char 2)
2025-08-01 08:49:03.159 | ERROR    | __main__:handle_html:70 - Expecting value: line 3 column 1 (char 2)
2025-08-01 08:49:03.162 | ERROR    | __main__:handle_html:70 - Expecting value: line 3 column 1 (char 2)
2025-08-01 08:49:03.165 | ERROR    | __main__:handle_html:70 - Expecting value: line 3 column 1 (char 2)
2025-08-01 08:49:03.175 | ERROR    | __main__:handle_html:70 - Expecting value: line 3 column 1 (char 2)
2025-08-01 09:21:55.178 | ERROR    | __main__:handle_html:70 - Expecting value: line 3 column 1 (char 2)
2025-08-01 09:21:55.991 | ERROR    | __main__:handle_html:70 - Expecting value: line 3 column 1 (char 2)
2025-08-01 09:21:55.993 | ERROR    | __main__:handle_html:70 - Expecting value: line 3 column 1 (char 2)
2025-08-01 09:21:55.995 | ERROR    | __main__:handle_html:70 - Expecting value: line 3 column 1 (char 2)
2025-08-01 09:21:55.997 | ERROR    | __main__:handle_html:70 - Expecting value: line 3 column 1 (char 2)
2025-08-01 09:21:55.999 | ERROR    | __main__:handle_html:70 - Expecting value: line 3 column 1 (char 2)
2025-08-01 20:06:25.688 | ERROR    | __main__:handle_html:70 - Expecting value: line 3 column 1 (char 2)
2025-08-01 20:06:25.689 | ERROR    | __main__:handle_html:70 - Expecting value: line 3 column 1 (char 2)
2025-08-01 20:06:25.690 | ERROR    | __main__:handle_html:70 - Expecting value: line 3 column 1 (char 2)
2025-08-01 20:06:25.690 | ERROR    | __main__:handle_html:70 - Expecting value: line 3 column 1 (char 2)
2025-08-01 20:06:25.693 | ERROR    | __main__:handle_html:70 - Expecting value: line 3 column 1 (char 2)
2025-08-01 20:06:25.694 | ERROR    | __main__:handle_html:70 - Expecting value: line 3 column 1 (char 2)
2025-08-01 20:19:11.525 | ERROR    | __main__:handle_html:70 - Expecting value: line 3 column 1 (char 2)
2025-08-01 20:19:11.528 | ERROR    | __main__:handle_html:70 - Expecting value: line 3 column 1 (char 2)
2025-08-01 20:19:11.529 | ERROR    | __main__:handle_html:70 - Expecting value: line 3 column 1 (char 2)
2025-08-01 20:19:11.530 | ERROR    | __main__:handle_html:70 - Expecting value: line 3 column 1 (char 2)
2025-08-01 20:19:11.530 | ERROR    | __main__:handle_html:70 - Expecting value: line 3 column 1 (char 2)
2025-08-01 20:19:11.531 | ERROR    | __main__:handle_html:70 - Expecting value: line 3 column 1 (char 2)
2025-08-01 20:36:37.257 | ERROR    | __main__:handle_html:70 - Expecting value: line 3 column 1 (char 2)
2025-08-01 20:36:37.260 | ERROR    | __main__:handle_html:70 - Expecting value: line 3 column 1 (char 2)
2025-08-01 20:36:37.261 | ERROR    | __main__:handle_html:70 - Expecting value: line 3 column 1 (char 2)
2025-08-01 20:36:37.261 | ERROR    | __main__:handle_html:70 - Expecting value: line 3 column 1 (char 2)
2025-08-01 20:36:37.262 | ERROR    | __main__:handle_html:70 - Expecting value: line 3 column 1 (char 2)
2025-08-01 20:36:37.264 | ERROR    | __main__:handle_html:70 - Expecting value: line 3 column 1 (char 2)
2025-08-01 21:00:31.343 | ERROR    | __main__:handle_html:70 - Expecting value: line 3 column 1 (char 2)
2025-08-01 21:00:31.346 | ERROR    | __main__:handle_html:70 - Expecting value: line 3 column 1 (char 2)
2025-08-01 21:00:31.347 | ERROR    | __main__:handle_html:70 - Expecting value: line 3 column 1 (char 2)
2025-08-01 21:00:31.349 | ERROR    | __main__:handle_html:70 - Expecting value: line 3 column 1 (char 2)
2025-08-01 21:00:31.350 | ERROR    | __main__:handle_html:70 - Expecting value: line 3 column 1 (char 2)
2025-08-01 21:00:31.352 | ERROR    | __main__:handle_html:70 - Expecting value: line 3 column 1 (char 2)
2025-08-02 08:15:39.992 | ERROR    | __main__:handle_html:70 - Expecting value: line 3 column 1 (char 2)
2025-08-02 08:15:40.511 | ERROR    | __main__:handle_html:70 - Expecting value: line 3 column 1 (char 2)
2025-08-02 08:15:40.515 | ERROR    | __main__:handle_html:70 - Expecting value: line 3 column 1 (char 2)
2025-08-02 08:15:40.516 | ERROR    | __main__:handle_html:70 - Expecting value: line 3 column 1 (char 2)
2025-08-02 08:15:40.516 | ERROR    | __main__:handle_html:70 - Expecting value: line 3 column 1 (char 2)
2025-08-02 08:15:40.518 | ERROR    | __main__:handle_html:70 - Expecting value: line 3 column 1 (char 2)
2025-08-02 08:41:14.284 | ERROR    | __main__:handle_html:70 - Expecting value: line 3 column 1 (char 2)
2025-08-02 08:41:14.285 | ERROR    | __main__:handle_html:70 - Expecting value: line 3 column 1 (char 2)
2025-08-02 08:41:14.288 | ERROR    | __main__:handle_html:70 - Expecting value: line 3 column 1 (char 2)
2025-08-02 08:41:14.289 | ERROR    | __main__:handle_html:70 - Expecting value: line 3 column 1 (char 2)
2025-08-02 08:41:14.290 | ERROR    | __main__:handle_html:70 - Expecting value: line 3 column 1 (char 2)
2025-08-02 08:41:14.290 | ERROR    | __main__:handle_html:70 - Expecting value: line 3 column 1 (char 2)
2025-08-02 09:10:26.144 | ERROR    | __main__:handle_html:70 - Expecting value: line 3 column 1 (char 2)
2025-08-02 09:10:26.145 | ERROR    | __main__:handle_html:70 - Expecting value: line 3 column 1 (char 2)
2025-08-02 09:10:26.148 | ERROR    | __main__:handle_html:70 - Expecting value: line 3 column 1 (char 2)
2025-08-02 09:10:26.148 | ERROR    | __main__:handle_html:70 - Expecting value: line 3 column 1 (char 2)
2025-08-02 09:10:26.149 | ERROR    | __main__:handle_html:70 - Expecting value: line 3 column 1 (char 2)
2025-08-02 09:10:26.150 | ERROR    | __main__:handle_html:70 - Expecting value: line 3 column 1 (char 2)
2025-08-02 20:06:18.605 | ERROR    | __main__:handle_html:70 - Expecting value: line 3 column 1 (char 2)
2025-08-02 20:06:18.613 | ERROR    | __main__:handle_html:70 - Expecting value: line 3 column 1 (char 2)
2025-08-02 20:06:18.617 | ERROR    | __main__:handle_html:70 - Expecting value: line 3 column 1 (char 2)
2025-08-02 20:06:18.625 | ERROR    | __main__:handle_html:70 - Expecting value: line 3 column 1 (char 2)
2025-08-02 20:06:18.626 | ERROR    | __main__:handle_html:70 - Expecting value: line 3 column 1 (char 2)
2025-08-02 20:06:18.627 | ERROR    | __main__:handle_html:70 - Expecting value: line 3 column 1 (char 2)
2025-08-02 20:18:30.019 | ERROR    | __main__:handle_html:70 - Expecting value: line 3 column 1 (char 2)
2025-08-02 20:18:30.021 | ERROR    | __main__:handle_html:70 - Expecting value: line 3 column 1 (char 2)
2025-08-02 20:18:30.022 | ERROR    | __main__:handle_html:70 - Expecting value: line 3 column 1 (char 2)
2025-08-02 20:18:30.022 | ERROR    | __main__:handle_html:70 - Expecting value: line 3 column 1 (char 2)
2025-08-02 20:18:30.025 | ERROR    | __main__:handle_html:70 - Expecting value: line 3 column 1 (char 2)
2025-08-02 20:18:30.030 | ERROR    | __main__:handle_html:70 - Expecting value: line 3 column 1 (char 2)
2025-08-02 20:35:27.683 | ERROR    | __main__:handle_html:70 - Expecting value: line 3 column 1 (char 2)
2025-08-02 20:35:27.686 | ERROR    | __main__:handle_html:70 - Expecting value: line 3 column 1 (char 2)
2025-08-02 20:35:27.687 | ERROR    | __main__:handle_html:70 - Expecting value: line 3 column 1 (char 2)
2025-08-02 20:35:27.688 | ERROR    | __main__:handle_html:70 - Expecting value: line 3 column 1 (char 2)
2025-08-02 20:35:27.688 | ERROR    | __main__:handle_html:70 - Expecting value: line 3 column 1 (char 2)
2025-08-02 20:35:27.689 | ERROR    | __main__:handle_html:70 - Expecting value: line 3 column 1 (char 2)
2025-08-02 20:57:12.660 | ERROR    | __main__:handle_html:70 - Expecting value: line 3 column 1 (char 2)
2025-08-02 20:57:12.661 | ERROR    | __main__:handle_html:70 - Expecting value: line 3 column 1 (char 2)
2025-08-02 20:57:12.662 | ERROR    | __main__:handle_html:70 - Expecting value: line 3 column 1 (char 2)
2025-08-02 20:57:12.665 | ERROR    | __main__:handle_html:70 - Expecting value: line 3 column 1 (char 2)
2025-08-02 20:57:12.666 | ERROR    | __main__:handle_html:70 - Expecting value: line 3 column 1 (char 2)
2025-08-02 20:57:12.667 | ERROR    | __main__:handle_html:70 - Expecting value: line 3 column 1 (char 2)
2025-08-02 21:14:55.761 | ERROR    | __main__:handle_html:70 - Expecting value: line 3 column 1 (char 2)
2025-08-02 21:14:55.762 | ERROR    | __main__:handle_html:70 - Expecting value: line 3 column 1 (char 2)
2025-08-02 21:14:55.936 | ERROR    | __main__:handle_html:70 - Expecting value: line 3 column 1 (char 2)
2025-08-02 21:14:55.950 | ERROR    | __main__:handle_html:70 - Expecting value: line 3 column 1 (char 2)
2025-08-02 21:14:55.953 | ERROR    | __main__:handle_html:70 - Expecting value: line 3 column 1 (char 2)
2025-08-02 21:14:55.983 | ERROR    | __main__:handle_html:70 - Expecting value: line 3 column 1 (char 2)
